Arguments: 
  C:\Program Files\nodejs\node.exe C:\Users\rajmr\AppData\Roaming\npm\node_modules\yarn\bin\yarn.js

PATH: 
  C:\Windows\system32;C:\Windows;C:\Windows\System32\Wbem;C:\Windows\System32\WindowsPowerShell\v1.0\;C:\Program Files (x86)\NVIDIA Corporation\PhysX\Common;C:\Program Files\PuTTY\;C:\WINDOWS\system32;C:\WINDOWS;C:\WINDOWS\System32\Wbem;C:\WINDOWS\System32\WindowsPowerShell\v1.0\;C:\WINDOWS\System32\OpenSSH\;C:\Program Files\Git\cmd;C:\Program Files\nodejs\;C:\Program Files\Microsoft VS Code\bin;C:\Users\rajmr\scoop\shims;C:\Python\Python36-32\Scripts\;C:\Python\Python36-32\;C:\Users\rajmr\AppData\Local\Microsoft\WindowsApps;C:\Users\rajmr\AppData\Roaming\npm;C:\Program Files\Microsoft VS Code\bin;C:\MediacenterJS\bin\ffmpeg;C:\Users\rajmr\AppData\ChromeDriver;C:\netlifyctl-windows-amd64-0.4.0;C:\Users\rajmr\AppData\Local\Google\Cloud SDK\google-cloud-sdk\bin;C:\Users\rajmr\AppData\Local\Microsoft\WindowsApps;C:\Program Files\heroku\bin;C:\Users\rajmr\AppData\Local\Android\sdk\platform-tools;C:\Program Files\Java\jdk-10.0.1\bin;C:\Users\rajmr\AppData\Local\Android\Sdk\emulator;C:\Users\rajmr\AppData\Local\Android\Sdk\emulator\bin;C:\Users\rajmr\AppData\Local\Android\Sdk\tools\bin;C:\Users\rajmr\AppData\Local\Android\Sdk\tools;

Yarn version: 
  1.13.0

Node version: 
  8.11.3

Platform: 
  win32 x64

Trace: 
  Error: EPERM: operation not permitted, scandir 'D:\Projects\transporter-client\node_modules\@types'

npm manifest: 
  {
    "main": "node_modules/expo/AppEntry.js",
    "scripts": {
      "start": "expo start",
      "android": "expo start --android",
      "ios": "expo start --ios",
      "eject": "expo eject"
    },
    "dependencies": {
      "axios": "^0.18.0",
      "expo": "^32.0.0",
      "react": "16.5.0",
      "react-native": "https://github.com/expo/react-native/archive/sdk-32.0.0.tar.gz",
      "react-native-paper": "^2.15.2",
      "react-native-progress": "^3.6.0",
      "react-native-responsive-screen": "^1.2.2",
      "react-native-router-flux": "^4.0.6",
      "react-redux": "^7.0.3",
      "redux": "^4.0.1",
      "redux-thunk": "^2.3.0"
    },
    "devDependencies": {
      "babel-preset-expo": "^5.0.0"
    },
    "private": true
  }

yarn manifest: 
  No manifest

Lockfile: 
  No lockfile
